systeminfo

Host Name:                 DEVEL
OS Name:                   Microsoft Windows 7 Enterprise
OS Version:                6.1.7600 N/A Build 7600
OS Manufacturer:           Microsoft Corporation
OS Configuration:          Standalone Workstation
OS Build Type:             Multiprocessor Free
Registered Owner:          babis
Registered Organization:
Product ID:                55041-051-0948536-86302
Original Install Date:     17/3/2017, 4:17:31
System Boot Time:          15/2/2018, 11:01:38
System Manufacturer:       VMware, Inc.
System Model:              VMware Virtual Platform
System Type:               X86-based PC
Processor(s):              1 Processor(s) Installed.
                           [01]: x64 Family 6 Model 63 Stepping 2 GenuineIntel ~2594 Mhz
BIOS Version:              Phoenix Technologies LTD 6.00, 5/4/2016
Windows Directory:         C:\Windows
System Directory:          C:\Windows\system32
Boot Device:               \Device\HarddiskVolume1
System Locale:             el;Greek
Input Locale:              en-us;English (United States)
Time Zone:                 (UTC+02:00) Athens, Bucharest, Istanbul
Total Physical Memory:     1.024 MB
Available Physical Memory: 714 MB
Virtual Memory: Max Size:  2.048 MB
Virtual Memory: Available: 1.523 MB
Virtual Memory: In Use:    525 MB
Page File Location(s):     C:\pagefile.sys
Domain:                    HTB
Logon Server:              N/A
Hotfix(s):                 N/A
Network Card(s):           1 NIC(s) Installed.
                           [01]: Intel(R) PRO/1000 MT Network Connection
                                 Connection Name: Local Area Connection
                                 DHCP Enabled:    No
                                 IP address(es)
                                 [01]: 10.10.10.5
