
Host Name:                 BASTARD
OS Name:                   Microsoft Windows Server 2008 R2 Datacenter 
OS Version:                6.1.7600 N/A Build 7600
OS Manufacturer:           Microsoft Corporation
OS Configuration:          Standalone Server
OS Build Type:             Multiprocessor Free
Registered Owner:          Windows User
Registered Organization:   
Product ID:                00496-001-0001283-84782
Original Install Date:     18/3/2017, 7:04:46 ££
System Boot Time:          12/2/2018, 1:51:53 ££
System Manufacturer:       VMware, Inc.
System Model:              VMware Virtual Platform
System Type:               x64-based PC
Processor(s):              2 Processor(s) Installed.
                           [01]: Intel64 Family 6 Model 63 Stepping 2 GenuineIntel ~2594 Mhz
                           [02]: Intel64 Family 6 Model 63 Stepping 2 GenuineIntel ~2594 Mhz
BIOS Version:              Phoenix Technologies LTD 6.00, 5/4/2016
Windows Directory:         C:\Windows
System Directory:          C:\Windows\system32
Boot Device:               \Device\HarddiskVolume1
System Locale:             el;Greek
Input Locale:              en-us;English (United States)
Time Zone:                 (UTC+02:00) Athens, Bucharest, Istanbul
Total Physical Memory:     2.048 MB
Available Physical Memory: 1.590 MB
Virtual Memory: Max Size:  4.095 MB
Virtual Memory: Available: 3.618 MB
Virtual Memory: In Use:    477 MB
Page File Location(s):     C:\pagefile.sys
Domain:                    HTB
Logon Server:              N/A
Hotfix(s):                 N/A
Network Card(s):           1 NIC(s) Installed.
                           [01]: Intel(R) PRO/1000 MT Network Connection
                                 Connection Name: Local Area Connection
                                 DHCP Enabled:    No
                                 IP address(es)
                                 [01]: 10.10.10.9
